<?xml version="1.0" encoding="UTF-8"?>
<!-- Generated by org.testng.reporters.JUnitReportReporter -->
<testsuite skipped="0" hostname="LAPTOP-6F5IMLR2" name="org.sample.SampleTest" tests="2" failures="0" timestamp="01 Sep 2022 12:41:16 GMT" time="0.000" errors="0">
  <testcase name="tc02" time="0.000" classname="org.sample.SampleTest"/>
  <testcase name="tc01" time="0.000" classname="org.sample.SampleTest"/>
</testsuite> <!-- org.sample.SampleTest -->
