<?xml version="1.0" encoding="UTF-8"?>
<!-- Generated by org.testng.reporters.JUnitReportReporter -->
<testsuite skipped="0" hostname="LAPTOP-6F5IMLR2" name="org.login.Testing2" tests="10" failures="0" timestamp="14 Aug 2022 08:37:16 GMT" time="0.000" errors="0">
  <testcase name="tc03" time="0.000" classname="org.login.Testing2"/>
  <testcase name="tc0" time="0.000" classname="org.login.Testing2"/>
  <testcase name="tc01" time="0.000" classname="org.login.Testing2"/>
  <testcase name="tc02" time="0.000" classname="org.login.Testing2"/>
  <testcase name="tc02" time="0.000" classname="org.login.Testing2"/>
  <testcase name="tc03" time="0.000" classname="org.login.Testing2"/>
  <testcase name="tc01" time="0.000" classname="org.login.Testing2"/>
  <testcase name="tc04" time="0.000" classname="org.login.Testing2"/>
  <testcase name="tc0" time="0.000" classname="org.login.Testing2"/>
  <testcase name="tc04" time="0.000" classname="org.login.Testing2"/>
</testsuite> <!-- org.login.Testing2 -->
