<?xml version="1.0" encoding="UTF-8"?>
<!-- Generated by org.testng.reporters.JUnitReportReporter -->
<testsuite skipped="0" hostname="LAPTOP-6F5IMLR2" name="org.login.Testing" tests="3" failures="0" timestamp="13 Aug 2022 11:06:26 GMT" time="12.952" errors="0">
  <testcase name="tc0" time="3.687" classname="org.login.Testing"/>
  <testcase name="tc0" time="6.089" classname="org.login.Testing"/>
  <testcase name="tc0" time="3.176" classname="org.login.Testing"/>
</testsuite> <!-- org.login.Testing -->
